<?xml version="1.0" encoding="UTF-8"?>
<testng-results skipped="0" failed="0" ignored="0" total="1" passed="1">
  <reporter-output>
    <line>
      <![CDATA[<a href='F:\Vikash\APAsrc\main\java\com\APA\screenShotsverify_login_with_valid_credentials_27_01_2018_04_49_10.png'> <img src='F:\Vikash\APAsrc\main\java\com\APA\screenShotsverify_login_with_valid_credentials_27_01_2018_04_49_10.png' height='100' width='100'/> </a>]]>
    </line>
  </reporter-output>
  <suite name="Default suite" duration-ms="25479" started-at="2018-01-27T11:18:46Z" finished-at="2018-01-27T11:19:11Z">
    <groups>
    </groups>
    <test name="Default test" duration-ms="25479" started-at="2018-01-27T11:18:46Z" finished-at="2018-01-27T11:19:11Z">
      <class name="com.APA.HomePage.TC001_LoginWithValidCredentials">
        <test-method status="PASS" signature="setup(java.lang.reflect.Method)[pri:0, instance:com.APA.HomePage.TC001_LoginWithValidCredentials@e50a6f6]" name="setup" is-config="true" duration-ms="14863" started-at="2018-01-27T16:48:46Z" finished-at="2018-01-27T16:49:01Z">
          <params>
            <param index="0">
              <value>
                <![CDATA[public void com.APA.HomePage.TC001_LoginWithValidCredentials.verify_login_with_valid_credentials()]]>
              </value>
            </param>
          </params>
          <reporter-output>
          </reporter-output>
        </test-method> <!-- setup -->
        <test-method status="PASS" signature="verify_login_with_valid_credentials()[pri:0, instance:com.APA.HomePage.TC001_LoginWithValidCredentials@e50a6f6]" name="verify_login_with_valid_credentials" duration-ms="9324" started-at="2018-01-27T16:49:01Z" finished-at="2018-01-27T16:49:10Z">
          <reporter-output>
          </reporter-output>
        </test-method> <!-- verify_login_with_valid_credentials -->
        <test-method status="PASS" signature="afterMethod(org.testng.ITestResult)[pri:0, instance:com.APA.HomePage.TC001_LoginWithValidCredentials@e50a6f6]" name="afterMethod" is-config="true" duration-ms="1261" started-at="2018-01-27T16:49:10Z" finished-at="2018-01-27T16:49:11Z">
          <params>
            <param index="0">
              <value>
                <![CDATA[[TestResult name=verify_login_with_valid_credentials status=SUCCESS method=TC001_LoginWithValidCredentials.verify_login_with_valid_credentials()[pri:0, instance:com.APA.HomePage.TC001_LoginWithValidCredentials@e50a6f6] output={null}]]]>
              </value>
            </param>
          </params>
          <reporter-output>
            <line>
              <![CDATA[<a href='F:\Vikash\APAsrc\main\java\com\APA\screenShotsverify_login_with_valid_credentials_27_01_2018_04_49_10.png'> <img src='F:\Vikash\APAsrc\main\java\com\APA\screenShotsverify_login_with_valid_credentials_27_01_2018_04_49_10.png' height='100' width='100'/> </a>]]>
            </line>
          </reporter-output>
        </test-method> <!-- afterMethod -->
      </class> <!-- com.APA.HomePage.TC001_LoginWithValidCredentials -->
    </test> <!-- Default test -->
  </suite> <!-- Default suite -->
</testng-results>
